<?xml version="1.0" encoding="UTF-8" ?>
<testsuite errors="0" failures="0" hostname="MW7AANZI3YLXHW" name="com.tutorialspoint._09_JUnit_Integration.TestHello" skipped="0" tests="1" time="0.044" timestamp="2015-07-22T19:03:54">
  <properties>
    <property name="java.vendor" value="Sun Microsystems Inc." />
    <property name="sun.java.launcher" value="SUN_STANDARD" />
    <property name="eclipse.pdebuild.templates" value="/C:/studyspace/eclipse-jee-luna-R-win32/plugins/org.eclipse.pde.build_3.9.0.v20140415-2029/templates/" />
    <property name="sun.management.compiler" value="HotSpot 64-Bit Tiered Compilers" />
    <property name="os.name" value="Windows 7" />
    <property name="sun.boot.class.path" value="C:\Program Files\Java\jdk1.6.0_45\jre\lib\resources.jar;C:\Program Files\Java\jdk1.6.0_45\jre\lib\rt.jar;C:\Program Files\Java\jdk1.6.0_45\jre\lib\sunrsasign.jar;C:\Program Files\Java\jdk1.6.0_45\jre\lib\jsse.jar;C:\Program Files\Java\jdk1.6.0_45\jre\lib\jce.jar;C:\Program Files\Java\jdk1.6.0_45\jre\lib\charsets.jar;C:\Program Files\Java\jdk1.6.0_45\jre\lib\modules\jdk.boot.jar;C:\Program Files\Java\jdk1.6.0_45\jre\classes" />
    <property name="sun.desktop" value="windows" />
    <property name="java.vm.specification.vendor" value="Sun Microsystems Inc." />
    <property name="ant.home" value="C:\studyspace\eclipse-jee-luna-R-win32\plugins\org.apache.ant_1.9.2.v201404171502" />
    <property name="java.runtime.version" value="1.6.0_45-b06" />
    <property name="user.name" value="silvio.angelo" />
    <property name="build.dir" value="build" />
    <property name="user.language" value="pt" />
    <property name="sun.boot.library.path" value="C:\Program Files\Java\jdk1.6.0_45\jre\bin" />
    <property name="ant.project.default-target" value="run" />
    <property name="ant.project.name" value="hello" />
    <property name="java.version" value="1.6.0_45" />
    <property name="user.timezone" value="" />
    <property name="sun.arch.data.model" value="64" />
    <property name="java.endorsed.dirs" value="C:\Program Files\Java\jdk1.6.0_45\jre\lib\endorsed" />
    <property name="sun.cpu.isalist" value="amd64" />
    <property name="sun.jnu.encoding" value="Cp1252" />
    <property name="file.encoding.pkg" value="sun.io" />
    <property name="file.separator" value="\" />
    <property name="java.specification.name" value="Java Platform API Specification" />
    <property name="java.class.version" value="50.0" />
    <property name="user.country" value="BR" />
    <property name="java.home" value="C:\Program Files\Java\jdk1.6.0_45\jre" />
    <property name="dist.dir" value="dist" />
    <property name="java.vm.info" value="mixed mode" />
    <property name="ant.file" value="C:\GitHubRepository\tutorialspoint_ant\TutorialsPoint_Ant\src\com\tutorialspoint\_09_JUnit_Integration\build.xml" />
    <property name="os.version" value="6.1" />
    <property name="path.separator" value=";" />
    <property name="java.vm.version" value="20.45-b01" />
    <property name="user.variant" value="" />
    <property name="ant.library.dir" value="C:\studyspace\eclipse-jee-luna-R-win32\plugins\org.apache.ant_1.9.2.v201404171502\lib" />
    <property name="java.awt.printerjob" value="sun.awt.windows.WPrinterJob" />
    <property name="sun.io.unicode.encoding" value="UnicodeLittle" />
    <property name="ant.file.type.hello" value="file" />
    <property name="awt.toolkit" value="sun.awt.windows.WToolkit" />
    <property name="ant.file.hello" value="C:\GitHubRepository\tutorialspoint_ant\TutorialsPoint_Ant\src\com\tutorialspoint\_09_JUnit_Integration\build.xml" />
    <property name="eclipse.pdebuild.scripts" value="/C:/studyspace/eclipse-jee-luna-R-win32/plugins/org.eclipse.pde.build_3.9.0.v20140415-2029/scripts/" />
    <property name="user.home" value="C:\Users\silvio.angelo" />
    <property name="java.specification.vendor" value="Sun Microsystems Inc." />
    <property name="junit.dir" value="junit-results" />
    <property name="java.library.path" value="C:\studyspace\eclipse-jee-luna-R-win32;C:\windows\Sun\Java\bin;C:\windows\system32;C:\windows;C:/Program Files (x86)/Java/jre6/bin/client;C:/Program Files (x86)/Java/jre6/bin;C:/Program Files (x86)/Java/jre6/lib/i386;C:\app\silvio.angelo\product\11.2.0\client_2;C:\app\silvio.angelo\product\11.2.0\client_1;C:\Program Files\Dell\DW WLAN Card;;.;;C:\windows\system32;C:\windows;C:\windows\System32\Wbem;C:\windows\System32\WindowsPowerShell\v1.0\;C:\windows\System32\WindowsPowerShell\v1.0\;c:\Program Files (x86)\Microsoft SQL Server\100\Tools\Binn\VSShell\Common7\IDE\;c:\Program Files (x86)\Microsoft SQL Server\100\Tools\Binn\;c:\Program Files (x86)\Microsoft SQL Server\100\DTS\Binn\;c:\Program Files\Microsoft SQL Server\100\Tools\Binn\;c:\Program Files\Microsoft SQL Server\100\DTS\Binn\;C:\Program Files (x86)\Microsoft Team Foundation Server 2010 Power Tools\;C:\Program Files (x86)\Microsoft Team Foundation Server 2010 Power Tools\Best Practices Analyzer\;C:\Program Files (x86)\WiX Toolset v3.9\\bin;C:\Program Files (x86)\Inno Setup 5;C:\Program Files (x86)\Windows Kits\8.1\Windows Performance Toolkit\;C:\Program Files\Borland\StarTeam SDK 14.0\lib;C:\Program Files\Borland\StarTeam SDK 14.0\bin;C:\Program Files (x86)\MySQL\MySQL Fabric 1.5.4 &amp; MySQL Utilities 1.5.4 1.5\;C:\Program Files (x86)\MySQL\MySQL Fabric 1.5.4 &amp; MySQL Utilities 1.5.4 1.5\Doctrine extensions for PHP\;.;%JAVA_HOME\bin%;C:\servidores\apache-tomcat-7.0.63\bin;C:\Program Files (x86)\Apache Software Foundation\apache-ant-1.9.6\bin;;C:\studyspace\eclipse-jee-luna-R-win32;;.;C:\studyspace\eclipse-jee-luna-R-win32\configuration\org.eclipse.osgi\676\0\.cp" />
    <property name="java.vendor.url" value="http://java.sun.com/" />
    <property name="java.vm.vendor" value="Sun Microsystems Inc." />
    <property name="java.runtime.name" value="Java(TM) SE Runtime Environment" />
    <property name="sun.java.command" value="org.eclipse.ant.internal.launching.remote.InternalAntRunner -Dorg.eclipse.ant.core.ANT_PROCESS_ID=1437591833241 -Declipse.connect.port=6186 -Declipse.pdebuild.home=/C:/studyspace/eclipse-jee-luna-R-win32/plugins/org.eclipse.pde.build_3.9.0.v20140415-2029/./ -Declipse.pdebuild.scripts=/C:/studyspace/eclipse-jee-luna-R-win32/plugins/org.eclipse.pde.build_3.9.0.v20140415-2029/scripts/ -Declipse.pdebuild.templates=/C:/studyspace/eclipse-jee-luna-R-win32/plugins/org.eclipse.pde.build_3.9.0.v20140415-2029/templates/ -Dant.home=C:\studyspace\eclipse-jee-luna-R-win32\plugins\org.apache.ant_1.9.2.v201404171502 -logger org.eclipse.ant.internal.launching.remote.logger.RemoteAntBuildLogger -inputhandler org.eclipse.ant.internal.ui.antsupport.inputhandler.ProxyInputHandler -buildfile C:\GitHubRepository\tutorialspoint_ant\TutorialsPoint_Ant\src\com\tutorialspoint\_09_JUnit_Integration\build.xml" />
    <property name="java.class.path" value="C:\studyspace\eclipse-jee-luna-R-win32\plugins\org.apache.ant_1.9.2.v201404171502\lib\ant-antlr.jar;C:\studyspace\eclipse-jee-luna-R-win32\plugins\org.apache.ant_1.9.2.v201404171502\lib\ant-apache-bcel.jar;C:\studyspace\eclipse-jee-luna-R-win32\plugins\org.apache.ant_1.9.2.v201404171502\lib\ant-apache-bsf.jar;C:\studyspace\eclipse-jee-luna-R-win32\plugins\org.apache.ant_1.9.2.v201404171502\lib\ant-apache-log4j.jar;C:\studyspace\eclipse-jee-luna-R-win32\plugins\org.apache.ant_1.9.2.v201404171502\lib\ant-apache-oro.jar;C:\studyspace\eclipse-jee-luna-R-win32\plugins\org.apache.ant_1.9.2.v201404171502\lib\ant-apache-regexp.jar;C:\studyspace\eclipse-jee-luna-R-win32\plugins\org.apache.ant_1.9.2.v201404171502\lib\ant-apache-resolver.jar;C:\studyspace\eclipse-jee-luna-R-win32\plugins\org.apache.ant_1.9.2.v201404171502\lib\ant-apache-xalan2.jar;C:\studyspace\eclipse-jee-luna-R-win32\plugins\org.apache.ant_1.9.2.v201404171502\lib\ant-commons-logging.jar;C:\studyspace\eclipse-jee-luna-R-win32\plugins\org.apache.ant_1.9.2.v201404171502\lib\ant-commons-net.jar;C:\studyspace\eclipse-jee-luna-R-win32\plugins\org.apache.ant_1.9.2.v201404171502\lib\ant-jai.jar;C:\studyspace\eclipse-jee-luna-R-win32\plugins\org.apache.ant_1.9.2.v201404171502\lib\ant-javamail.jar;C:\studyspace\eclipse-jee-luna-R-win32\plugins\org.apache.ant_1.9.2.v201404171502\lib\ant-jdepend.jar;C:\studyspace\eclipse-jee-luna-R-win32\plugins\org.apache.ant_1.9.2.v201404171502\lib\ant-jmf.jar;C:\studyspace\eclipse-jee-luna-R-win32\plugins\org.apache.ant_1.9.2.v201404171502\lib\ant-jsch.jar;C:\studyspace\eclipse-jee-luna-R-win32\plugins\org.apache.ant_1.9.2.v201404171502\lib\ant-junit.jar;C:\studyspace\eclipse-jee-luna-R-win32\plugins\org.apache.ant_1.9.2.v201404171502\lib\ant-junit4.jar;C:\studyspace\eclipse-jee-luna-R-win32\plugins\org.apache.ant_1.9.2.v201404171502\lib\ant-launcher.jar;C:\studyspace\eclipse-jee-luna-R-win32\plugins\org.apache.ant_1.9.2.v201404171502\lib\ant-netrexx.jar;C:\studyspace\eclipse-jee-luna-R-win32\plugins\org.apache.ant_1.9.2.v201404171502\lib\ant-swing.jar;C:\studyspace\eclipse-jee-luna-R-win32\plugins\org.apache.ant_1.9.2.v201404171502\lib\ant-testutil.jar;C:\studyspace\eclipse-jee-luna-R-win32\plugins\org.apache.ant_1.9.2.v201404171502\lib\ant.jar;C:\studyspace\eclipse-jee-luna-R-win32\configuration\org.eclipse.osgi\64\0\.cp\lib\antdebug.jar;C:\studyspace\eclipse-jee-luna-R-win32\configuration\org.eclipse.osgi\64\0\.cp\lib\remote.jar;C:\studyspace\eclipse-jee-luna-R-win32\configuration\org.eclipse.osgi\65\0\.cp\lib\remoteAnt.jar;C:\Program Files\Java\jdk1.6.0_45\lib\tools.jar;C:\studyspace\eclipse-jee-luna-R-win32\plugins\org.eclipse.swt.win32.win32.x86_3.103.0.v20140605-2012.jar" />
    <property name="ant.version" value="Apache Ant(TM) version 1.9.2 compiled on July 8 2013" />
    <property name="test.class" value="com.tutorialspoint._09_JUnit_Integration.TestHello" />
    <property name="java.vm.specification.name" value="Java Virtual Machine Specification" />
    <property name="java.vm.specification.version" value="1.0" />
    <property name="junit.jar" value="C:\GitHubRepository\tutorialspoint_ant\TutorialsPoint_Ant\libs\junit-4.12.jar" />
    <property name="sun.cpu.endian" value="little" />
    <property name="sun.os.patch.level" value="Service Pack 1" />
    <property name="eclipse.pdebuild.home" value="/C:/studyspace/eclipse-jee-luna-R-win32/plugins/org.eclipse.pde.build_3.9.0.v20140415-2029/./" />
    <property name="java.io.tmpdir" value="C:\Users\SILVIO~1.ANG\AppData\Local\Temp\" />
    <property name="java.vendor.url.bug" value="http://java.sun.com/cgi-bin/bugreport.cgi" />
    <property name="os.arch" value="amd64" />
    <property name="java.awt.graphicsenv" value="sun.awt.Win32GraphicsEnvironment" />
    <property name="java.ext.dirs" value="C:\Program Files\Java\jdk1.6.0_45\jre\lib\ext;C:\windows\Sun\Java\lib\ext" />
    <property name="user.dir" value="C:\GitHubRepository\tutorialspoint_ant\TutorialsPoint_Ant\src\com\tutorialspoint\_09_JUnit_Integration" />
    <property name="line.separator" value="&#xd;&#xa;" />
    <property name="java.vm.name" value="Java HotSpot(TM) 64-Bit Server VM" />
    <property name="basedir" value="C:\GitHubRepository\tutorialspoint_ant\TutorialsPoint_Ant\src\com\tutorialspoint\_09_JUnit_Integration" />
    <property name="ant.java.version" value="1.6" />
    <property name="ant.core.lib" value="C:\studyspace\eclipse-jee-luna-R-win32\plugins\org.apache.ant_1.9.2.v201404171502\lib\ant.jar" />
    <property name="file.encoding" value="Cp1252" />
    <property name="java.specification.version" value="1.6" />
    <property name="src.dir" value="." />
    <property name="ant.project.invoked-targets" value="run" />
  </properties>
  <testcase classname="com.tutorialspoint._09_JUnit_Integration.TestHello" name="testHello" time="0.0020" />
  <system-out><![CDATA[]]></system-out>
  <system-err><![CDATA[]]></system-err>
</testsuite>
